[1202/151250.933:ERROR:crash_report_database_win.cc(455)] unexpected header
[1202/173242.340:ERROR:crash_report_database_win.cc(455)] unexpected header
[1202/174242.466:ERROR:crash_report_database_win.cc(455)] unexpected header
[1202/174242.545:ERROR:directory_reader_win.cc(43)] FindFirstFile: The system cannot find the path specified. (0x3)
[1202/174242.557:ERROR:crash_report_database_win.cc(455)] unexpected header
[1202/174242.558:ERROR:crash_report_database_win.cc(455)] unexpected header
[1202/174742.422:ERROR:crash_report_database_win.cc(455)] unexpected header
[1202/180242.438:ERROR:crash_report_database_win.cc(455)] unexpected header
[1202/181742.552:ERROR:crash_report_database_win.cc(455)] unexpected header
[1202/183242.559:ERROR:crash_report_database_win.cc(455)] unexpected header
[1202/184743.465:ERROR:crash_report_database_win.cc(455)] unexpected header
[1202/190243.499:ERROR:crash_report_database_win.cc(455)] unexpected header
[1202/191743.548:ERROR:crash_report_database_win.cc(455)] unexpected header
[1202/193243.574:ERROR:crash_report_database_win.cc(455)] unexpected header
[1202/194743.658:ERROR:crash_report_database_win.cc(455)] unexpected header
[1202/200243.816:ERROR:crash_report_database_win.cc(455)] unexpected header
[1202/201744.067:ERROR:crash_report_database_win.cc(455)] unexpected header
[1202/203244.205:ERROR:crash_report_database_win.cc(455)] unexpected header
[1202/204744.649:ERROR:crash_report_database_win.cc(455)] unexpected header
[1202/210244.797:ERROR:crash_report_database_win.cc(455)] unexpected header
[1202/211744.843:ERROR:crash_report_database_win.cc(455)] unexpected header
[1202/213244.847:ERROR:crash_report_database_win.cc(455)] unexpected header
[1202/214744.850:ERROR:crash_report_database_win.cc(455)] unexpected header
[1202/220244.855:ERROR:crash_report_database_win.cc(455)] unexpected header
[1202/221744.937:ERROR:crash_report_database_win.cc(455)] unexpected header
[1202/223244.944:ERROR:crash_report_database_win.cc(455)] unexpected header
[1202/224745.014:ERROR:crash_report_database_win.cc(455)] unexpected header
[1202/230245.559:ERROR:crash_report_database_win.cc(455)] unexpected header
[1203/104913.044:ERROR:crash_report_database_win.cc(455)] unexpected header
[1203/193118.474:ERROR:crash_report_database_win.cc(455)] unexpected header
[1204/103907.850:ERROR:crash_report_database_win.cc(455)] unexpected header
[1204/104908.116:ERROR:crash_report_database_win.cc(455)] unexpected header
[1204/104908.168:ERROR:directory_reader_win.cc(43)] FindFirstFile: The system cannot find the path specified. (0x3)
[1204/104908.170:ERROR:crash_report_database_win.cc(455)] unexpected header
[1204/104908.170:ERROR:crash_report_database_win.cc(455)] unexpected header
[1204/105407.902:ERROR:crash_report_database_win.cc(455)] unexpected header
[1204/110907.906:ERROR:crash_report_database_win.cc(455)] unexpected header
[1204/112408.479:ERROR:crash_report_database_win.cc(455)] unexpected header
[1204/113908.560:ERROR:crash_report_database_win.cc(455)] unexpected header
[1204/115408.579:ERROR:crash_report_database_win.cc(455)] unexpected header
[1204/120908.596:ERROR:crash_report_database_win.cc(455)] unexpected header
[1204/122408.771:ERROR:crash_report_database_win.cc(455)] unexpected header
[1204/123908.890:ERROR:crash_report_database_win.cc(455)] unexpected header
[1204/125408.932:ERROR:crash_report_database_win.cc(455)] unexpected header
[1204/130908.945:ERROR:crash_report_database_win.cc(455)] unexpected header
[1204/132409.022:ERROR:crash_report_database_win.cc(455)] unexpected header
[1204/133909.152:ERROR:crash_report_database_win.cc(455)] unexpected header
[1204/135409.162:ERROR:crash_report_database_win.cc(455)] unexpected header
[1204/140909.166:ERROR:crash_report_database_win.cc(455)] unexpected header
[1204/142409.364:ERROR:crash_report_database_win.cc(455)] unexpected header
[1204/143909.404:ERROR:crash_report_database_win.cc(455)] unexpected header
[1204/145409.417:ERROR:crash_report_database_win.cc(455)] unexpected header
[1204/150909.506:ERROR:crash_report_database_win.cc(455)] unexpected header
[1204/152415.051:ERROR:crash_report_database_win.cc(455)] unexpected header
[1204/153915.411:ERROR:crash_report_database_win.cc(455)] unexpected header
[1204/155415.423:ERROR:crash_report_database_win.cc(455)] unexpected header
[1204/160915.448:ERROR:crash_report_database_win.cc(455)] unexpected header
[1204/193305.629:ERROR:crash_report_database_win.cc(455)] unexpected header
[1205/122601.263:ERROR:crash_report_database_win.cc(455)] unexpected header
[1205/123602.273:ERROR:crash_report_database_win.cc(455)] unexpected header
[1205/123602.996:ERROR:directory_reader_win.cc(43)] FindFirstFile: The system cannot find the path specified. (0x3)
[1205/123602.998:ERROR:crash_report_database_win.cc(455)] unexpected header
[1205/123602.998:ERROR:crash_report_database_win.cc(455)] unexpected header
[1205/124033.932:ERROR:crash_report_database_win.cc(455)] unexpected header
[1205/140924.250:ERROR:directory_reader_win.cc(43)] FindFirstFile: The system cannot find the path specified. (0x3)
[1206/152041.102:ERROR:directory_reader_win.cc(43)] FindFirstFile: The system cannot find the path specified. (0x3)
[1207/112704.110:ERROR:directory_reader_win.cc(43)] FindFirstFile: The system cannot find the path specified. (0x3)
[1208/111236.201:ERROR:directory_reader_win.cc(43)] FindFirstFile: The system cannot find the path specified. (0x3)
[1208/134255.481:ERROR:directory_reader_win.cc(43)] FindFirstFile: The system cannot find the path specified. (0x3)
[1208/134416.965:ERROR:process_reader_win.cc(123)] NtOpenThread: {Access Denied} A process has requested access to an object, but has not been granted those access rights. (0xc0000022)
[1208/134416.995:ERROR:exception_snapshot_win.cc(99)] thread ID 7508 not found in process
[1208/225436.598:ERROR:directory_reader_win.cc(43)] FindFirstFile: The system cannot find the path specified. (0x3)
[1209/105320.131:ERROR:directory_reader_win.cc(43)] FindFirstFile: The system cannot find the path specified. (0x3)
[1210/112049.310:ERROR:directory_reader_win.cc(43)] FindFirstFile: The system cannot find the path specified. (0x3)
[1210/161440.155:ERROR:process_reader_win.cc(123)] NtOpenThread: {Access Denied} A process has requested access to an object, but has not been granted those access rights. (0xc0000022)
[1210/161440.393:ERROR:exception_snapshot_win.cc(99)] thread ID 1268 not found in process
[1211/150013.150:ERROR:directory_reader_win.cc(43)] FindFirstFile: The system cannot find the path specified. (0x3)
[1219/193541.629:ERROR:directory_reader_win.cc(43)] FindFirstFile: The system cannot find the path specified. (0x3)
[1220/001246.309:ERROR:process_reader_win.cc(123)] NtOpenThread: {Access Denied} A process has requested access to an object, but has not been granted those access rights. (0xc0000022)
[1220/001246.718:ERROR:exception_snapshot_win.cc(99)] thread ID 10116 not found in process
[1220/111357.666:ERROR:directory_reader_win.cc(43)] FindFirstFile: The system cannot find the path specified. (0x3)
[1220/142522.623:ERROR:directory_reader_win.cc(43)] FindFirstFile: The system cannot find the path specified. (0x3)
[1221/114317.240:ERROR:directory_reader_win.cc(43)] FindFirstFile: The system cannot find the path specified. (0x3)
[1222/001715.319:ERROR:directory_reader_win.cc(43)] FindFirstFile: The system cannot find the path specified. (0x3)
[1222/151556.626:ERROR:directory_reader_win.cc(43)] FindFirstFile: The system cannot find the path specified. (0x3)
[1223/115339.950:ERROR:directory_reader_win.cc(43)] FindFirstFile: The system cannot find the path specified. (0x3)
[1226/212352.516:ERROR:directory_reader_win.cc(43)] FindFirstFile: The system cannot find the path specified. (0x3)
[1227/123700.986:ERROR:settings.cc(320)] Settings magic is not 1129342067
[1227/124701.088:ERROR:directory_reader_win.cc(43)] FindFirstFile: The system cannot find the path specified. (0x3)
[1227/230025.419:ERROR:directory_reader_win.cc(43)] FindFirstFile: The system cannot find the path specified. (0x3)
[1228/001907.509:ERROR:process_info.cc(329)] VirtualQueryEx: Access is denied. (0x5)
[1228/001907.565:ERROR:process_info.cc(556)] ReadMemoryInfo failed
[1228/001907.527:ERROR:process_reader_win.cc(123)] NtOpenThread: {Access Denied} A process has requested access to an object, but has not been granted those access rights. (0xc0000022)
[1228/001907.734:ERROR:exception_snapshot_win.cc(99)] thread ID 1176 not found in process
[1228/001907.612:ERROR:scoped_process_suspend.cc(40)] NtResumeProcess: An attempt was made to access an exiting process. (0xc000010a)
[1228/001907.734:ERROR:scoped_process_suspend.cc(40)] NtResumeProcess: An attempt was made to access an exiting process. (0xc000010a)
[1228/112132.781:ERROR:directory_reader_win.cc(43)] FindFirstFile: The system cannot find the path specified. (0x3)
[0102/112935.591:ERROR:crash_report_database_win.cc(455)] unexpected header
[0102/120353.088:ERROR:crash_report_database_win.cc(455)] unexpected header
[0102/121353.136:ERROR:crash_report_database_win.cc(455)] unexpected header
[0102/121353.137:ERROR:directory_reader_win.cc(43)] FindFirstFile: The system cannot find the path specified. (0x3)
[0102/121353.139:ERROR:crash_report_database_win.cc(455)] unexpected header
[0102/121353.139:ERROR:crash_report_database_win.cc(455)] unexpected header
[0102/121853.148:ERROR:crash_report_database_win.cc(455)] unexpected header
[0102/123353.169:ERROR:crash_report_database_win.cc(455)] unexpected header
[0102/124854.012:ERROR:crash_report_database_win.cc(455)] unexpected header
[0102/130354.244:ERROR:crash_report_database_win.cc(455)] unexpected header
[0102/131336.437:ERROR:crash_report_database_win.cc(455)] unexpected header
[0102/181400.316:ERROR:directory_reader_win.cc(43)] FindFirstFile: The system cannot find the path specified. (0x3)
[0103/101847.912:ERROR:directory_reader_win.cc(43)] FindFirstFile: The system cannot find the path specified. (0x3)
